[INFO] [1714833978.303958, 0.000000]: Robot control running in Simulation Mode!
[INFO] [1714833978.307051, 0.000000]: Waiting for collision behaviour services...
[INFO] [1714833979.528419, 30.273000]: ArmController: Collision Service Not found. It will not be possible to change collision behaviour of robot!
[INFO] [1714833979.532828, 30.274000]: FrankaControllerManagerInterface: cannot detect controller name under param /controllers_config/trajectory_controller
[INFO] [1714833979.533521, 30.274000]: FrankaControllerManagerInterface: cannot detect controller name under param /controllers_config/impedance_controller
[INFO] [1714833979.663875, 30.316000]: Moveit server does not seem to be running.
[INFO] [1714833979.664327, 30.316000]: ArmController: MoveGroup was not found! This is okay if moveit service is not required!
[INFO] [1714833979.703587, 30.328000]: GripperInterface: Waiting for gripper action servers... 
[INFO] [1714833980.950547, 30.953000]: GripperInterface: Gripper action servers found! 
[INFO] [1714833993.181003, 35.338000]: ArmController: Trajectory controlling complete
init 1:  [-0.01779206 -0.76012354  0.01978261 -2.34205014  0.02984053  3.11198986
  0.75344866]
alter position 1:  [-0.17738912  0.36508447 -0.14503989 -0.94158462  0.05352144  1.30412555
  0.486557  ]
alter position 2:  [-0.23646275 -0.32689281 -0.12587776 -1.78812591 -0.04055528  1.46371393
  0.42532196]
alter position 3:  [-0.09052866 -0.10444902 -0.04349649 -1.56131663 -0.00456333  1.45698402
  0.65109162]
alter position 4:  [-0.26783968  0.12031891 -0.24925836 -1.2893465   0.03001882  1.40607658
  0.27495439]

****************
**  RED TEAM  **
****************
Go!

camera detection position is: 
 [[ 9.99999999e-01  4.51007785e-07  4.20930467e-05  5.54377197e-01]
 [ 4.50408991e-07 -1.00000000e+00  1.42254770e-05  1.69960516e-01]
 [ 4.20930531e-05 -1.42254580e-05 -9.99999999e-01  5.71385485e-01]
 [ 0.00000000e+00  0.00000000e+00  0.00000000e+00  1.00000000e+00]]
The first block is going to be put at
 [[ 9.99999999e-01  4.51007785e-07  4.20930467e-05  5.60000000e-01]
 [ 4.50408991e-07 -1.00000000e+00  1.42254770e-05  1.80000000e-01]
 [ 4.20930531e-05 -1.42254580e-05 -9.99999999e-01  2.55000000e-01]
 [ 0.00000000e+00  0.00000000e+00  0.00000000e+00  1.00000000e+00]]
dynamic position 1:  [[ 4.20930531e-05 -1.42254580e-05 -9.99999999e-01  2.50000000e-01]
 [-4.50408991e-07  1.00000000e+00 -1.42254770e-05  6.50000000e-01]
 [ 9.99999999e-01  4.51007785e-07  4.20930467e-05  2.50000000e-01]
 [ 0.00000000e+00  0.00000000e+00  0.00000000e+00  1.00000000e+00]]
first step complete

dynamic position 2:  [[ 4.20930531e-05 -1.42254580e-05 -9.99999999e-01  5.00000000e-02]
 [-4.50408991e-07  1.00000000e+00 -1.42254770e-05  7.50000000e-01]
 [ 9.99999999e-01  4.51007785e-07  4.20930467e-05  2.50000000e-01]
 [ 0.00000000e+00  0.00000000e+00  0.00000000e+00  1.00000000e+00]]
successfully grabbed one block
Number of i: 0
dynamic position 3:  [[ 4.20930531e-05 -1.42254580e-05 -9.99999999e-01  5.00000000e-02]
 [-4.50408991e-07  1.00000000e+00 -1.42254770e-05  7.50000000e-01]
 [ 9.99999999e-01  4.51007785e-07  4.20930467e-05  3.50000000e-01]
 [ 0.00000000e+00  0.00000000e+00  0.00000000e+00  1.00000000e+00]]
dynamic position 4:  [[ 9.99999999e-01  4.51007785e-07  4.20930467e-05  5.60000000e-01]
 [ 4.50408991e-07 -1.00000000e+00  1.42254770e-05  1.80000000e-01]
 [ 4.20930531e-05 -1.42254580e-05 -9.99999999e-01  3.55000000e-01]
 [ 0.00000000e+00  0.00000000e+00  0.00000000e+00  1.00000000e+00]]
dynamic position 5:  [[ 9.99999999e-01  4.51007785e-07  4.20930467e-05  5.60000000e-01]
 [ 4.50408991e-07 -1.00000000e+00  1.42254770e-05  1.80000000e-01]
 [ 4.20930531e-05 -1.42254580e-05 -9.99999999e-01  2.55000000e-01]
 [ 0.00000000e+00  0.00000000e+00  0.00000000e+00  1.00000000e+00]]
dynamic position 6:  [[ 9.99999999e-01  4.51007785e-07  4.20930467e-05  5.60000000e-01]
 [ 4.50408991e-07 -1.00000000e+00  1.42254770e-05  1.80000000e-01]
 [ 4.20930531e-05 -1.42254580e-05 -9.99999999e-01  3.05000000e-01]
 [ 0.00000000e+00  0.00000000e+00  0.00000000e+00  1.00000000e+00]]
dynamic position 1:  [[ 4.20930531e-05 -1.42254580e-05 -9.99999999e-01  2.50000000e-01]
 [-4.50408991e-07  1.00000000e+00 -1.42254770e-05  6.50000000e-01]
 [ 9.99999999e-01  4.51007785e-07  4.20930467e-05  2.50000000e-01]
 [ 0.00000000e+00  0.00000000e+00  0.00000000e+00  1.00000000e+00]]
first step complete

dynamic position 2:  [[ 4.20930531e-05 -1.42254580e-05 -9.99999999e-01  5.00000000e-02]
 [-4.50408991e-07  1.00000000e+00 -1.42254770e-05  7.50000000e-01]
 [ 9.99999999e-01  4.51007785e-07  4.20930467e-05  2.50000000e-01]
 [ 0.00000000e+00  0.00000000e+00  0.00000000e+00  1.00000000e+00]]
successfully grabbed one block
Number of i: 1
dynamic position 3:  [[ 4.20930531e-05 -1.42254580e-05 -9.99999999e-01  5.00000000e-02]
 [-4.50408991e-07  1.00000000e+00 -1.42254770e-05  7.50000000e-01]
 [ 9.99999999e-01  4.51007785e-07  4.20930467e-05  3.50000000e-01]
 [ 0.00000000e+00  0.00000000e+00  0.00000000e+00  1.00000000e+00]]
dynamic position 4:  [[ 9.99999999e-01  4.51007785e-07  4.20930467e-05  5.60000000e-01]
 [ 4.50408991e-07 -1.00000000e+00  1.42254770e-05  1.80000000e-01]
 [ 4.20930531e-05 -1.42254580e-05 -9.99999999e-01  4.05000000e-01]
 [ 0.00000000e+00  0.00000000e+00  0.00000000e+00  1.00000000e+00]]
dynamic position 5:  [[ 9.99999999e-01  4.51007785e-07  4.20930467e-05  5.60000000e-01]
 [ 4.50408991e-07 -1.00000000e+00  1.42254770e-05  1.80000000e-01]
 [ 4.20930531e-05 -1.42254580e-05 -9.99999999e-01  3.05000000e-01]
 [ 0.00000000e+00  0.00000000e+00  0.00000000e+00  1.00000000e+00]]
dynamic position 6:  [[ 9.99999999e-01  4.51007785e-07  4.20930467e-05  5.60000000e-01]
 [ 4.50408991e-07 -1.00000000e+00  1.42254770e-05  1.80000000e-01]
 [ 4.20930531e-05 -1.42254580e-05 -9.99999999e-01  3.55000000e-01]
 [ 0.00000000e+00  0.00000000e+00  0.00000000e+00  1.00000000e+00]]
dynamic position 1:  [[ 4.20930531e-05 -1.42254580e-05 -9.99999999e-01  2.50000000e-01]
 [-4.50408991e-07  1.00000000e+00 -1.42254770e-05  6.50000000e-01]
 [ 9.99999999e-01  4.51007785e-07  4.20930467e-05  2.50000000e-01]
 [ 0.00000000e+00  0.00000000e+00  0.00000000e+00  1.00000000e+00]]
first step complete

dynamic position 2:  [[ 4.20930531e-05 -1.42254580e-05 -9.99999999e-01  5.00000000e-02]
 [-4.50408991e-07  1.00000000e+00 -1.42254770e-05  7.50000000e-01]
 [ 9.99999999e-01  4.51007785e-07  4.20930467e-05  2.50000000e-01]
 [ 0.00000000e+00  0.00000000e+00  0.00000000e+00  1.00000000e+00]]
successfully grabbed one block
Number of i: 2
dynamic position 3:  [[ 4.20930531e-05 -1.42254580e-05 -9.99999999e-01  5.00000000e-02]
 [-4.50408991e-07  1.00000000e+00 -1.42254770e-05  7.50000000e-01]
 [ 9.99999999e-01  4.51007785e-07  4.20930467e-05  3.50000000e-01]
 [ 0.00000000e+00  0.00000000e+00  0.00000000e+00  1.00000000e+00]]
dynamic position 4:  [[ 9.99999999e-01  4.51007785e-07  4.20930467e-05  5.60000000e-01]
 [ 4.50408991e-07 -1.00000000e+00  1.42254770e-05  1.80000000e-01]
 [ 4.20930531e-05 -1.42254580e-05 -9.99999999e-01  4.55000000e-01]
 [ 0.00000000e+00  0.00000000e+00  0.00000000e+00  1.00000000e+00]]
dynamic position 5:  [[ 9.99999999e-01  4.51007785e-07  4.20930467e-05  5.60000000e-01]
 [ 4.50408991e-07 -1.00000000e+00  1.42254770e-05  1.80000000e-01]
 [ 4.20930531e-05 -1.42254580e-05 -9.99999999e-01  3.55000000e-01]
 [ 0.00000000e+00  0.00000000e+00  0.00000000e+00  1.00000000e+00]]
dynamic position 6:  [[ 9.99999999e-01  4.51007785e-07  4.20930467e-05  5.60000000e-01]
 [ 4.50408991e-07 -1.00000000e+00  1.42254770e-05  1.80000000e-01]
 [ 4.20930531e-05 -1.42254580e-05 -9.99999999e-01  4.05000000e-01]
 [ 0.00000000e+00  0.00000000e+00  0.00000000e+00  1.00000000e+00]]
dynamic position 1:  [[ 4.20930531e-05 -1.42254580e-05 -9.99999999e-01  2.50000000e-01]
 [-4.50408991e-07  1.00000000e+00 -1.42254770e-05  6.50000000e-01]
 [ 9.99999999e-01  4.51007785e-07  4.20930467e-05  2.50000000e-01]
 [ 0.00000000e+00  0.00000000e+00  0.00000000e+00  1.00000000e+00]]
first step complete

dynamic position 2:  [[ 4.20930531e-05 -1.42254580e-05 -9.99999999e-01  5.00000000e-02]
 [-4.50408991e-07  1.00000000e+00 -1.42254770e-05  7.50000000e-01]
 [ 9.99999999e-01  4.51007785e-07  4.20930467e-05  2.50000000e-01]
 [ 0.00000000e+00  0.00000000e+00  0.00000000e+00  1.00000000e+00]]
successfully grabbed one block
Number of i: 3
dynamic position 3:  [[ 4.20930531e-05 -1.42254580e-05 -9.99999999e-01  5.00000000e-02]
 [-4.50408991e-07  1.00000000e+00 -1.42254770e-05  7.50000000e-01]
 [ 9.99999999e-01  4.51007785e-07  4.20930467e-05  3.50000000e-01]
 [ 0.00000000e+00  0.00000000e+00  0.00000000e+00  1.00000000e+00]]
dynamic position 4:  [[ 9.99999999e-01  4.51007785e-07  4.20930467e-05  5.60000000e-01]
 [ 4.50408991e-07 -1.00000000e+00  1.42254770e-05  1.80000000e-01]
 [ 4.20930531e-05 -1.42254580e-05 -9.99999999e-01  5.05000000e-01]
 [ 0.00000000e+00  0.00000000e+00  0.00000000e+00  1.00000000e+00]]
dynamic position 5:  [[ 9.99999999e-01  4.51007785e-07  4.20930467e-05  5.60000000e-01]
 [ 4.50408991e-07 -1.00000000e+00  1.42254770e-05  1.80000000e-01]
 [ 4.20930531e-05 -1.42254580e-05 -9.99999999e-01  4.05000000e-01]
 [ 0.00000000e+00  0.00000000e+00  0.00000000e+00  1.00000000e+00]]
dynamic position 6:  [[ 9.99999999e-01  4.51007785e-07  4.20930467e-05  5.60000000e-01]
 [ 4.50408991e-07 -1.00000000e+00  1.42254770e-05  1.80000000e-01]
 [ 4.20930531e-05 -1.42254580e-05 -9.99999999e-01  4.55000000e-01]
 [ 0.00000000e+00  0.00000000e+00  0.00000000e+00  1.00000000e+00]]
End Loop
