[INFO] [1714837153.924513, 0.000000]: Robot control running in Simulation Mode!
[INFO] [1714837153.931409, 0.000000]: Waiting for collision behaviour services...
[INFO] [1714837155.136397, 20.416000]: ArmController: Collision Service Not found. It will not be possible to change collision behaviour of robot!
[INFO] [1714837155.138631, 20.417000]: FrankaControllerManagerInterface: cannot detect controller name under param /controllers_config/trajectory_controller
[INFO] [1714837155.139389, 20.418000]: FrankaControllerManagerInterface: cannot detect controller name under param /controllers_config/impedance_controller
[INFO] [1714837155.276718, 20.477000]: Moveit server does not seem to be running.
[INFO] [1714837155.277554, 20.478000]: ArmController: MoveGroup was not found! This is okay if moveit service is not required!
[INFO] [1714837155.362105, 20.514000]: GripperInterface: Waiting for gripper action servers... 
[INFO] [1714837155.615429, 20.674000]: GripperInterface: Gripper action servers found! 
[INFO] [1714837167.531561, 25.082000]: ArmController: Trajectory controlling complete
init 1:  [-0.01779206 -0.76012354  0.01978261 -2.34205014  0.02984053  3.11198986
  0.75344866]
alter position 1:  [-0.17738912  0.36508447 -0.14503989 -0.94158462  0.05352144  1.30412555
  0.486557  ]
alter position 2:  [-0.23646275 -0.32689281 -0.12587776 -1.78812591 -0.04055528  1.46371393
  0.42532196]
alter position 3:  [-0.09052866 -0.10444902 -0.04349649 -1.56131663 -0.00456333  1.45698402
  0.65109162]
alter position 4:  [-0.26783968  0.12031891 -0.24925836 -1.2893465   0.03001882  1.40607658
  0.27495439]

****************
**  RED TEAM  **
****************
Go!

camera detection position is: 
 [[ 9.99999999e-01  4.51007785e-07  4.20930467e-05  5.54377197e-01]
 [ 4.50408991e-07 -1.00000000e+00  1.42254770e-05  1.69960516e-01]
 [ 4.20930531e-05 -1.42254580e-05 -9.99999999e-01  5.71385485e-01]
 [ 0.00000000e+00  0.00000000e+00  0.00000000e+00  1.00000000e+00]]
The first block is going to be put at
 [[ 9.99999999e-01  4.51007785e-07  4.20930467e-05  5.60000000e-01]
 [ 4.50408991e-07 -1.00000000e+00  1.42254770e-05  1.80000000e-01]
 [ 4.20930531e-05 -1.42254580e-05 -9.99999999e-01  2.55000000e-01]
 [ 0.00000000e+00  0.00000000e+00  0.00000000e+00  1.00000000e+00]]
first step complete

successfully grabbed one block
Number of i: 0
dynamic 4:  [ 0.20647768  0.10341451  0.10881067 -1.8687268  -0.0121758   1.97153704
  1.10485937]
dynamic 5:  [ 0.25655649  0.19614435  0.05678901 -2.01143984 -0.01375532  2.20726171
  1.10583238]
dynamic 6:  [ 0.22644902  0.14137623  0.08820374 -1.95011878 -0.01430496  2.09093887
  1.10628493]
first step complete

successfully grabbed one block
Number of i: 1
dynamic 4:  [ 0.19632443  0.08340417  0.11942184 -1.76600213 -0.01032211  1.84882991
  1.10356607]
dynamic 5:  [ 0.22644902  0.14137623  0.08820374 -1.95011878 -0.01430496  2.09093887
  1.10628493]
dynamic 6:  [ 0.20647768  0.10341451  0.10881067 -1.8687268  -0.0121758   1.97153704
  1.10485937]
first step complete

successfully grabbed one block
Number of i: 2
dynamic 4:  [ 0.19625593  0.08296527  0.12055401 -1.63915905 -0.01008102  1.72154515
  1.10331111]
dynamic 5:  [ 0.20647768  0.10341451  0.10881067 -1.8687268  -0.0121758   1.97153704
  1.10485937]
dynamic 6:  [ 0.19632443  0.08340417  0.11942184 -1.76600213 -0.01032211  1.84882991
  1.10356607]
first step complete

successfully grabbed one block
Number of i: 3
dynamic 4:  [ 0.20738953  0.10459598  0.11174524 -1.48310491 -0.01164338  1.58711501
  1.10411573]
dynamic 5:  [ 0.19632443  0.08340417  0.11942184 -1.76600213 -0.01032211  1.84882991
  1.10356607]
dynamic 6:  [ 0.19625593  0.08296527  0.12055401 -1.63915905 -0.01008102  1.72154515
  1.10331111]
End Loop
